c:\boxingopengl\boxing\boxing\debug\vc120.pdb
c:\boxingopengl\boxing\boxing\debug\vc120.idb
c:\boxingopengl\boxing\boxing\debug\body.obj
c:\boxingopengl\boxing\boxing\debug\boxers.obj
c:\boxingopengl\boxing\boxing\debug\boxing.obj
c:\boxingopengl\boxing\boxing\debug\arena.obj
c:\boxingopengl\boxing\boxing\debug\camera.obj
c:\boxingopengl\boxing\boxing\debug\crowd.obj
c:\boxingopengl\boxing\boxing\debug\entrance.obj
c:\boxingopengl\boxing\boxing\debug\rgbimage.obj
c:\boxingopengl\boxing\boxing\debug\tribune.obj
c:\boxingopengl\boxing\boxing\debug\world.obj
c:\boxingopengl\boxing\boxing\debug\animation.obj
c:\boxingopengl\boxing\debug\boxing.ilk
c:\boxingopengl\boxing\debug\boxing.exe
c:\boxingopengl\boxing\debug\boxing.pdb
c:\boxingopengl\boxing\boxing\debug\boxing.tlog\cl.command.1.tlog
c:\boxingopengl\boxing\boxing\debug\boxing.tlog\cl.read.1.tlog
c:\boxingopengl\boxing\boxing\debug\boxing.tlog\cl.write.1.tlog
c:\boxingopengl\boxing\boxing\debug\boxing.tlog\link.command.1.tlog
c:\boxingopengl\boxing\boxing\debug\boxing.tlog\link.read.1.tlog
c:\boxingopengl\boxing\boxing\debug\boxing.tlog\link.write.1.tlog
